IntentResolution/app/build/outputs/logs/manifest-merger-debug-report.txt
-- Merging decision tree log ---
manifest
ADDED from AndroidManifest.xml:2:1
	xmlns:android
		ADDED from AndroidManifest.xml:2:11
	package
		ADDED from AndroidManifest.xml:2:70
		INJECTED from AndroidManifest.xml:0:0
		INJECTED from AndroidManifest.xml:0:0
	android:versionName
		ADDED from AndroidManifest.xml:2:121
	android:versionCode
		ADDED from AndroidManifest.xml:2:97
		INJECTED from AndroidManifest.xml:0:0
		INJECTED from AndroidManifest.xml:0:0
uses-sdk
ADDED from AndroidManifest.xml:3:5
	android:targetSdkVersion
		INJECTED from AndroidManifest.xml:0:0
		INJECTED from AndroidManifest.xml:0:0
	android:minSdkVersion
		ADDED from AndroidManifest.xml:3:15
		INJECTED from AndroidManifest.xml:0:0
		INJECTED from AndroidManifest.xml:0:0
application
ADDED from AndroidManifest.xml:4:5
	android:label
		ADDED from AndroidManifest.xml:4:18
activity#com.niit.android.IntentSampleActivity
ADDED from AndroidManifest.xml:5:5
	android:label
		ADDED from AndroidManifest.xml:5:52
	android:name
		ADDED from AndroidManifest.xml:5:15
intent-filter#android.intent.action.MAIN+android.intent.category.LAUNCHER
ADDED from AndroidManifest.xml:6:5
action#android.intent.action.MAIN
ADDED from AndroidManifest.xml:7:9
	android:name
		ADDED from AndroidManifest.xml:7:17
category#android.intent.category.LAUNCHER
ADDED from AndroidManifest.xml:8:9
	android:name
		ADDED from AndroidManifest.xml:8:19
activity#com.niit.android.TimeActivity
ADDED from AndroidManifest.xml:11:5
	android:name
		ADDED from AndroidManifest.xml:11:15
intent-filter#android.intent.category.DEFAULT+com.niit.android.intent.action.showtime
ADDED from AndroidManifest.xml:12:5
action#com.niit.android.intent.action.showtime
ADDED from AndroidManifest.xml:13:9
	android:name
		ADDED from AndroidManifest.xml:13:17
category#android.intent.category.DEFAULT
ADDED from AndroidManifest.xml:14:9
	android:name
		ADDED from AndroidManifest.xml:14:19
activity#com.niit.android.DateActivityOne
ADDED from AndroidManifest.xml:17:5
	android:label
		ADDED from AndroidManifest.xml:17:46
	android:name
		ADDED from AndroidManifest.xml:17:15
intent-filter#android.intent.category.DEFAULT+com.niit.android.intent.action.showdate
ADDED from AndroidManifest.xml:18:5
action#com.niit.android.intent.action.showdate
ADDED from AndroidManifest.xml:19:9
	android:name
		ADDED from AndroidManifest.xml:19:17
activity#com.niit.android.DateActivityTwo
ADDED from AndroidManifest.xml:23:5
	android:label
		ADDED from AndroidManifest.xml:23:46
	android:name
		ADDED from AndroidManifest.xml:23:15